2026-03-28 22:30:19 - __main__ - INFO - Voice-Controlled AI Assistant started
2026-03-28 22:30:19 - action_executor - INFO - Executing action: open_app with parameters: {'app_name': 'chrome'}
2026-03-28 22:30:19 - actions.app_actions - INFO - Opening application: chrome
2026-03-28 22:30:19 - actions.app_actions - INFO - Successfully opened chrome
2026-03-28 22:30:19 - action_executor - INFO - Action completed: open_app
2026-03-28 22:30:19 - action_executor - INFO - Executing action: create_file with parameters: {'file_name': 'test.txt', 'content': 'Hello, World!'}
2026-03-28 22:30:19 - actions.file_actions - INFO - Created file: C:\Users\HARSH/Desktop/ai_assistant_workspace\test.txt
2026-03-28 22:30:19 - action_executor - INFO - Action completed: create_file
2026-03-28 22:30:19 - action_executor - INFO - Executing action: read_file with parameters: {'file_name': 'test.txt'}
2026-03-28 22:30:19 - actions.file_actions - INFO - Read file: C:\Users\HARSH/Desktop/ai_assistant_workspace\test.txt
2026-03-28 22:30:19 - action_executor - INFO - Action completed: read_file
2026-03-28 22:30:19 - action_executor - INFO - Executing action: search_web with parameters: {'query': 'python programming'}
2026-03-28 22:30:19 - actions.web_actions - INFO - Searching web for: python programming
2026-03-28 22:30:19 - actions.web_actions - INFO - Opened search results for: python programming
2026-03-28 22:30:19 - action_executor - INFO - Action completed: search_web
2026-03-28 22:30:19 - action_executor - INFO - Executing action: write_code with parameters: {'description': 'fibonacci sequence generator'}
2026-03-28 22:30:19 - actions.code_actions - INFO - Writing code for: fibonacci sequence generator
2026-03-28 22:30:19 - actions.code_actions - INFO - Generated code file: C:\Users\HARSH/Desktop/ai_assistant_workspace\generated_code\fibonacci_sequence_generator.py
2026-03-28 22:30:19 - action_executor - INFO - Action completed: write_code
2026-03-28 23:21:32 - __main__ - INFO - Voice-Controlled AI Assistant started
2026-03-28 23:21:32 - action_executor - INFO - Executing action: open_app with parameters: {'app_name': 'calculator'}
2026-03-28 23:21:32 - actions.app_actions - INFO - Opening application: calculator
2026-03-28 23:21:32 - actions.app_actions - INFO - Successfully opened calculator
2026-03-28 23:21:32 - action_executor - INFO - Action completed: open_app
2026-03-28 23:21:32 - action_executor - INFO - Executing action: create_file with parameters: {'file_name': 'test.txt', 'content': 'Hello, World!'}
2026-03-28 23:21:32 - actions.file_actions - INFO - Created file: C:\Users\HARSH/Desktop/ai_assistant_workspace\test.txt
2026-03-28 23:21:32 - action_executor - INFO - Action completed: create_file
2026-03-28 23:21:32 - action_executor - INFO - Executing action: read_file with parameters: {'file_name': 'test.txt'}
2026-03-28 23:21:32 - actions.file_actions - INFO - Read file: C:\Users\HARSH/Desktop/ai_assistant_workspace\test.txt
2026-03-28 23:21:32 - action_executor - INFO - Action completed: read_file
2026-03-28 23:21:32 - action_executor - INFO - Executing action: search_web with parameters: {'query': 'python programming'}
2026-03-28 23:21:32 - actions.web_actions - INFO - Searching web for: python programming
2026-03-28 23:21:33 - actions.web_actions - INFO - Opened search results for: python programming
2026-03-28 23:21:33 - action_executor - INFO - Action completed: search_web
2026-03-28 23:21:33 - action_executor - INFO - Executing action: write_code with parameters: {'description': 'fibonacci sequence generator'}
2026-03-28 23:21:33 - actions.code_actions - INFO - Writing code for: fibonacci sequence generator
2026-03-28 23:21:33 - actions.code_actions - INFO - Generated code file: C:\Users\HARSH/Desktop/ai_assistant_workspace\generated_code\fibonacci_sequence_generator.py
2026-03-28 23:21:33 - action_executor - INFO - Action completed: write_code
2026-03-30 15:38:42 - __main__ - INFO - Voice-Controlled AI Assistant started
2026-03-30 15:38:42 - action_executor - INFO - Executing action: open_app with parameters: {'app_name': 'calculator'}
2026-03-30 15:38:42 - actions.app_actions - INFO - Opening application: calculator
2026-03-30 15:38:42 - actions.app_actions - INFO - Successfully opened calculator
2026-03-30 15:38:42 - action_executor - INFO - Action completed: open_app
2026-03-30 15:38:42 - action_executor - INFO - Executing action: create_file with parameters: {'file_name': 'test.txt', 'content': 'Hello, World!'}
2026-03-30 15:38:42 - actions.file_actions - INFO - Created file: C:\Users\HARSH/Desktop/ai_assistant_workspace\test.txt
2026-03-30 15:38:42 - action_executor - INFO - Action completed: create_file
2026-03-30 15:38:42 - action_executor - INFO - Executing action: read_file with parameters: {'file_name': 'test.txt'}
2026-03-30 15:38:42 - actions.file_actions - INFO - Read file: C:\Users\HARSH/Desktop/ai_assistant_workspace\test.txt
2026-03-30 15:38:42 - action_executor - INFO - Action completed: read_file
2026-03-30 15:38:42 - action_executor - INFO - Executing action: search_web with parameters: {'query': 'next ipl match'}
2026-03-30 15:38:42 - actions.web_actions - INFO - Searching web for: next ipl match
2026-03-30 15:38:42 - actions.web_actions - INFO - Opened search results for: next ipl match
2026-03-30 15:38:42 - action_executor - INFO - Action completed: search_web
2026-03-30 15:38:42 - action_executor - INFO - Executing action: write_code with parameters: {'description': 'fibonacci sequence generator'}
2026-03-30 15:38:42 - actions.code_actions - INFO - Writing code for: fibonacci sequence generator
2026-03-30 15:38:42 - actions.code_actions - INFO - Generated code file: C:\Users\HARSH/Desktop/ai_assistant_workspace\generated_code\fibonacci_sequence_generator.py
2026-03-30 15:38:42 - action_executor - INFO - Action completed: write_code
